0 silly argv {
0 silly argv   _: [ 'publish' ],
0 silly argv   composed: 'publish',
0 silly argv   lernaVersion: '4.0.0',
0 silly argv   '$0': 'lerna'
0 silly argv }
1 notice cli v4.0.0
2 verbose rootPath /Users/liechti/code/poc-ui-lib
3 info versioning independent
4 error JSONError: Unexpected token "}" (0x7D) in JSON at position 296 while parsing near "...core\": \"^13.3.0\",\n  },\n  \"dependencies\":..." in projects/app-banner/package.json
4 error
4 error [0m [90m 12 |[39m     [32m"@angular/common"[39m[33m:[39m [32m"^13.3.0"[39m[33m,[39m[0m
4 error [0m [90m 13 |[39m     [32m"@angular/core"[39m[33m:[39m [32m"^13.3.0"[39m[33m,[39m[0m
4 error [0m[31m[1m>[22m[39m[90m 14 |[39m   }[33m,[39m[0m
4 error [0m [90m    |[39m   [31m[1m^[22m[39m[0m
4 error [0m [90m 15 |[39m   [32m"dependencies"[39m[33m:[39m {[0m
4 error [0m [90m 16 |[39m     [32m"@lichtsteinerdev/custom-button"[39m[33m:[39m [32m"^0.0.9"[39m[33m,[39m[0m
4 error [0m [90m 17 |[39m     [32m"tslib"[39m[33m:[39m [32m"^2.3.0"[39m[0m
4 error
4 error     at parseJson (/Users/liechti/code/poc-ui-lib/node_modules/parse-json/index.js:29:21)
4 error     at parse (/Users/liechti/code/poc-ui-lib/node_modules/load-json-file/index.js:15:9)
4 error     at module.exports (/Users/liechti/code/poc-ui-lib/node_modules/load-json-file/index.js:18:47)
